#
# There is insufficient memory for the Java Runtime Environment to continue.
# Cannot create GC thread. Out of system resources.
# Possible reasons:
#   The system is out of physical RAM or swap space
#   The process is running with CompressedOops enabled, and the Java Heap may be blocking the growth of the native heap
# Possible solutions:
#   Reduce memory load on the system
#   Increase physical memory or swap space
#   Check if swap backing store is full
#   Decrease Java heap size (-Xmx/-Xms)
#   Decrease number of Java threads
#   Decrease Java thread stack sizes (-Xss)
#   Set larger code cache with -XX:ReservedCodeCacheSize=
# This output file may be truncated or incomplete.
#
#  Out of Memory Error (gcTaskThread.cpp:48), pid=2028828, tid=0x00007f53a0a50700
#
# JRE version:  (8.0_342-b07) (build )
# Java VM: OpenJDK 64-Bit Server VM (25.342-b07 mixed mode linux-amd64 compressed oops)
# Failed to write core dump. Core dumps have been disabled. To enable core dumping, try "ulimit -c unlimited" before starting Java again
#

---------------  T H R E A D  ---------------

Current thread (0x00007f539c00a800):  JavaThread "Unknown thread" [_thread_in_vm, id=2030341, stack(0x00007f53a0951000,0x00007f53a0a51000)]

Stack: [0x00007f53a0951000,0x00007f53a0a51000],  sp=0x00007f53a0a4f7a0,  free space=1017k
Native frames: (J=compiled Java code, j=interpreted, Vv=VM code, C=native code)
V  [libjvm.so+0xb3396a]
V  [libjvm.so+0x4ed551]
V  [libjvm.so+0x5ca6ff]
V  [libjvm.so+0x5c9ddf]
V  [libjvm.so+0x9a2b0a]
V  [libjvm.so+0xaf5e7a]
V  [libjvm.so+0xaf6109]
V  [libjvm.so+0x642aaf]
V  [libjvm.so+0xad5e70]
V  [libjvm.so+0x723a52]  JNI_CreateJavaVM+0x62
C  [libjli.so+0x442a]
C  [libjli.so+0x8dc1]
C  [libpthread.so.0+0x8609]  start_thread+0xd9


---------------  P R O C E S S  ---------------

Java Threads: ( => current thread )

Other Threads:

=>0x00007f539c00a800 (exited) JavaThread "Unknown thread" [_thread_in_vm, id=2030341, stack(0x00007f53a0951000,0x00007f53a0a51000)]

VM state:not at safepoint (not fully initialized)

VM Mutex/Monitor currently owned by a thread: None

heap address: 0x0000000728200000, size: 2430 MB, Compressed Oops mode: Non-zero based:0x00000007281ff000, Oop shift amount: 3
Narrow klass base: 0x0000000000000000, Narrow klass shift: 0

GC Heap History (0 events):
No events

Deoptimization events (0 events):
No events

Classes redefined (0 events):
No events

Internal exceptions (0 events):
No events

Events (0 events):
No events


Dynamic libraries:
728200000-72e780000 rw-p 00000000 00:00 0 
72e780000-78d600000 ---p 00000000 00:00 0 
78d600000-790880000 rw-p 00000000 00:00 0 
790880000-7c0000000 ---p 00000000 00:00 0 
562b61a90000-562b61a91000 r--p 00000000 fd:00 663005                     /usr/lib/jvm/java-8-openjdk-amd64/jre/bin/java
562b61a91000-562b61a92000 r-xp 00001000 fd:00 663005                     /usr/lib/jvm/java-8-openjdk-amd64/jre/bin/java
562b61a92000-562b61a93000 r--p 00002000 fd:00 663005                     /usr/lib/jvm/java-8-openjdk-amd64/jre/bin/java
562b61a93000-562b61a94000 r--p 00002000 fd:00 663005                     /usr/lib/jvm/java-8-openjdk-amd64/jre/bin/java
562b61a94000-562b61a95000 rw-p 00003000 fd:00 663005                     /usr/lib/jvm/java-8-openjdk-amd64/jre/bin/java
562b6262d000-562b6264e000 rw-p 00000000 00:00 0                          [heap]
7f538cbd5000-7f538cbd6000 ---p 00000000 00:00 0 
7f538cbd6000-7f538cd09000 rw-p 00000000 00:00 0 
7f538cd09000-7f538d000000 ---p 00000000 00:00 0 
7f538d000000-7f538d270000 rwxp 00000000 00:00 0 
7f538d270000-7f539c000000 ---p 00000000 00:00 0 
7f539c000000-7f539c037000 rw-p 00000000 00:00 0 
7f539c037000-7f53a0000000 ---p 00000000 00:00 0 
7f53a0060000-7f53a0093000 rw-p 00000000 00:00 0 
7f53a0093000-7f53a038a000 ---p 00000000 00:00 0 
7f53a038a000-7f53a03a4000 rw-p 00000000 00:00 0 
7f53a03a4000-7f53a051f000 ---p 00000000 00:00 0 
7f53a051f000-7f53a052a000 rw-p 00000000 00:00 0 
7f53a052a000-7f53a08e0000 ---p 00000000 00:00 0 
7f53a08e0000-7f53a08e3000 r--p 00000000 fd:00 666444                     /usr/lib/x86_64-linux-gnu/libnss_files-2.31.so
7f53a08e3000-7f53a08ea000 r-xp 00003000 fd:00 666444                     /usr/lib/x86_64-linux-gnu/libnss_files-2.31.so
7f53a08ea000-7f53a08ec000 r--p 0000a000 fd:00 666444                     /usr/lib/x86_64-linux-gnu/libnss_files-2.31.so
7f53a08ec000-7f53a08ed000 r--p 0000b000 fd:00 666444                     /usr/lib/x86_64-linux-gnu/libnss_files-2.31.so
7f53a08ed000-7f53a08ee000 rw-p 0000c000 fd:00 666444                     /usr/lib/x86_64-linux-gnu/libnss_files-2.31.so
7f53a08ee000-7f53a08f4000 rw-p 00000000 00:00 0 
7f53a08f8000-7f53a08fb000 r--p 00000000 fd:00 663053                     /usr/lib/jvm/java-8-openjdk-amd64/jre/lib/amd64/libzip.so
7f53a08fb000-7f53a0900000 r-xp 00003000 fd:00 663053                     /usr/lib/jvm/java-8-openjdk-amd64/jre/lib/amd64/libzip.so
7f53a0900000-7f53a0902000 r--p 00008000 fd:00 663053                     /usr/lib/jvm/java-8-openjdk-amd64/jre/lib/amd64/libzip.so
7f53a0902000-7f53a0903000 r--p 00009000 fd:00 663053                     /usr/lib/jvm/java-8-openjdk-amd64/jre/lib/amd64/libzip.so
7f53a0903000-7f53a0904000 rw-p 0000a000 fd:00 663053                     /usr/lib/jvm/java-8-openjdk-amd64/jre/lib/amd64/libzip.so
7f53a0904000-7f53a0911000 r--p 00000000 fd:00 663032                     /usr/lib/jvm/java-8-openjdk-amd64/jre/lib/amd64/libjava.so
7f53a0911000-7f53a0929000 r-xp 0000d000 fd:00 663032                     /usr/lib/jvm/java-8-openjdk-amd64/jre/lib/amd64/libjava.so
7f53a0929000-7f53a0930000 r--p 00025000 fd:00 663032                     /usr/lib/jvm/java-8-openjdk-amd64/jre/lib/amd64/libjava.so
7f53a0930000-7f53a0931000 r--p 0002b000 fd:00 663032                     /usr/lib/jvm/java-8-openjdk-amd64/jre/lib/amd64/libjava.so
7f53a0931000-7f53a0933000 rw-p 0002c000 fd:00 663032                     /usr/lib/jvm/java-8-openjdk-amd64/jre/lib/amd64/libjava.so
7f53a0933000-7f53a0938000 r--p 00000000 fd:00 663052                     /usr/lib/jvm/java-8-openjdk-amd64/jre/lib/amd64/libverify.so
7f53a0938000-7f53a0941000 r-xp 00005000 fd:00 663052                     /usr/lib/jvm/java-8-openjdk-amd64/jre/lib/amd64/libverify.so
7f53a0941000-7f53a0943000 r--p 0000e000 fd:00 663052                     /usr/lib/jvm/java-8-openjdk-amd64/jre/lib/amd64/libverify.so
7f53a0943000-7f53a0945000 r--p 0000f000 fd:00 663052                     /usr/lib/jvm/java-8-openjdk-amd64/jre/lib/amd64/libverify.so
7f53a0945000-7f53a0946000 rw-p 00011000 fd:00 663052                     /usr/lib/jvm/java-8-openjdk-amd64/jre/lib/amd64/libverify.so
7f53a0946000-7f53a0948000 r--p 00000000 fd:00 666458                     /usr/lib/x86_64-linux-gnu/librt-2.31.so
7f53a0948000-7f53a094c000 r-xp 00002000 fd:00 666458                     /usr/lib/x86_64-linux-gnu/librt-2.31.so
7f53a094c000-7f53a094e000 r--p 00006000 fd:00 666458                     /usr/lib/x86_64-linux-gnu/librt-2.31.so
7f53a094e000-7f53a094f000 r--p 00007000 fd:00 666458                     /usr/lib/x86_64-linux-gnu/librt-2.31.so
7f53a094f000-7f53a0950000 rw-p 00008000 fd:00 666458                     /usr/lib/x86_64-linux-gnu/librt-2.31.so
7f53a0950000-7f53a0951000 ---p 00000000 00:00 0 
7f53a0951000-7f53a0954000 ---p 00000000 00:00 0 
7f53a0954000-7f53a0a51000 rw-p 00000000 00:00 0 
7f53a0a51000-7f53a0a54000 r--p 00000000 fd:00 661217                     /usr/lib/x86_64-linux-gnu/libgcc_s.so.1
7f53a0a54000-7f53a0a66000 r-xp 00003000 fd:00 661217                     /usr/lib/x86_64-linux-gnu/libgcc_s.so.1
7f53a0a66000-7f53a0a6a000 r--p 00015000 fd:00 661217                     /usr/lib/x86_64-linux-gnu/libgcc_s.so.1
7f53a0a6a000-7f53a0a6b000 r--p 00018000 fd:00 661217                     /usr/lib/x86_64-linux-gnu/libgcc_s.so.1
7f53a0a6b000-7f53a0a6c000 rw-p 00019000 fd:00 661217                     /usr/lib/x86_64-linux-gnu/libgcc_s.so.1
7f53a0a6c000-7f53a0a79000 r--p 00000000 fd:00 666432                     /usr/lib/x86_64-linux-gnu/libm-2.31.so
7f53a0a79000-7f53a0b20000 r-xp 0000d000 fd:00 666432                     /usr/lib/x86_64-linux-gnu/libm-2.31.so
7f53a0b20000-7f53a0bb9000 r--p 000b4000 fd:00 666432                     /usr/lib/x86_64-linux-gnu/libm-2.31.so
7f53a0bb9000-7f53a0bba000 r--p 0014c000 fd:00 666432                     /usr/lib/x86_64-linux-gnu/libm-2.31.so
7f53a0bba000-7f53a0bbb000 rw-p 0014d000 fd:00 666432                     /usr/lib/x86_64-linux-gnu/libm-2.31.so
7f53a0bbb000-7f53a0c51000 r--p 00000000 fd:00 655375                     /usr/lib/x86_64-linux-gnu/libstdc++.so.6.0.28
7f53a0c51000-7f53a0d42000 r-xp 00096000 fd:00 655375                     /usr/lib/x86_64-linux-gnu/libstdc++.so.6.0.28
7f53a0d42000-7f53a0d8b000 r--p 00187000 fd:00 655375                     /usr/lib/x86_64-linux-gnu/libstdc++.so.6.0.28
7f53a0d8b000-7f53a0d8c000 ---p 001d0000 fd:00 655375                     /usr/lib/x86_64-linux-gnu/libstdc++.so.6.0.28
7f53a0d8c000-7f53a0d97000 r--p 001d0000 fd:00 655375                     /usr/lib/x86_64-linux-gnu/libstdc++.so.6.0.28
7f53a0d97000-7f53a0d9a000 rw-p 001db000 fd:00 655375                     /usr/lib/x86_64-linux-gnu/libstdc++.so.6.0.28
7f53a0d9a000-7f53a0d9d000 rw-p 00000000 00:00 0 
7f53a0d9d000-7f53a0f92000 r--p 00000000 fd:00 663056                     /usr/lib/jvm/java-8-openjdk-amd64/jre/lib/amd64/server/libjvm.so
7f53a0f92000-7f53a18f8000 r-xp 001f5000 fd:00 663056                     /usr/lib/jvm/java-8-openjdk-amd64/jre/lib/amd64/server/libjvm.so
7f53a18f8000-7f53a1aa9000 r--p 00b5b000 fd:00 663056                     /usr/lib/jvm/java-8-openjdk-amd64/jre/lib/amd64/server/libjvm.so
7f53a1aa9000-7f53a1aaa000 ---p 00d0c000 fd:00 663056                     /usr/lib/jvm/java-8-openjdk-amd64/jre/lib/amd64/server/libjvm.so
7f53a1aaa000-7f53a1b40000 r--p 00d0c000 fd:00 663056                     /usr/lib/jvm/java-8-openjdk-amd64/jre/lib/amd64/server/libjvm.so
7f53a1b40000-7f53a1b69000 rw-p 00da2000 fd:00 663056                     /usr/lib/jvm/java-8-openjdk-amd64/jre/lib/amd64/server/libjvm.so
7f53a1b69000-7f53a1b9e000 rw-p 00000000 00:00 0 
7f53a1b9e000-7f53a1ba4000 r--p 00000000 fd:00 666454                     /usr/lib/x86_64-linux-gnu/libpthread-2.31.so
7f53a1ba4000-7f53a1bb5000 r-xp 00006000 fd:00 666454                     /usr/lib/x86_64-linux-gnu/libpthread-2.31.so
7f53a1bb5000-7f53a1bbb000 r--p 00017000 fd:00 666454                     /usr/lib/x86_64-linux-gnu/libpthread-2.31.so
7f53a1bbb000-7f53a1bbc000 r--p 0001c000 fd:00 666454                     /usr/lib/x86_64-linux-gnu/libpthread-2.31.so
7f53a1bbc000-7f53a1bbd000 rw-p 0001d000 fd:00 666454                     /usr/lib/x86_64-linux-gnu/libpthread-2.31.so
7f53a1bbd000-7f53a1bc1000 rw-p 00000000 00:00 0 
7f53a1bc1000-7f53a1bc2000 r--p 00000000 fd:00 666428                     /usr/lib/x86_64-linux-gnu/libdl-2.31.so
7f53a1bc2000-7f53a1bc4000 r-xp 00001000 fd:00 666428                     /usr/lib/x86_64-linux-gnu/libdl-2.31.so
7f53a1bc4000-7f53a1bc5000 r--p 00003000 fd:00 666428                     /usr/lib/x86_64-linux-gnu/libdl-2.31.so
7f53a1bc5000-7f53a1bc6000 r--p 00003000 fd:00 666428                     /usr/lib/x86_64-linux-gnu/libdl-2.31.so
7f53a1bc6000-7f53a1bc7000 rw-p 00004000 fd:00 666428                     /usr/lib/x86_64-linux-gnu/libdl-2.31.so
7f53a1bc7000-7f53a1bc9000 r--p 00000000 fd:00 656086                     /usr/lib/x86_64-linux-gnu/libz.so.1.2.11
7f53a1bc9000-7f53a1bda000 r-xp 00002000 fd:00 656086                     /usr/lib/x86_64-linux-gnu/libz.so.1.2.11
7f53a1bda000-7f53a1be0000 r--p 00013000 fd:00 656086                     /usr/lib/x86_64-linux-gnu/libz.so.1.2.11
7f53a1be0000-7f53a1be1000 ---p 00019000 fd:00 656086                     /usr/lib/x86_64-linux-gnu/libz.so.1.2.11
7f53a1be1000-7f53a1be2000 r--p 00019000 fd:00 656086                     /usr/lib/x86_64-linux-gnu/libz.so.1.2.11
7f53a1be2000-7f53a1be3000 rw-p 0001a000 fd:00 656086                     /usr/lib/x86_64-linux-gnu/libz.so.1.2.11
7f53a1be3000-7f53a1c05000 r--p 00000000 fd:00 661852                     /usr/lib/x86_64-linux-gnu/libc-2.31.so
7f53a1c05000-7f53a1d7d000 r-xp 00022000 fd:00 661852                     /usr/lib/x86_64-linux-gnu/libc-2.31.so
7f53a1d7d000-7f53a1dcb000 r--p 0019a000 fd:00 661852                     /usr/lib/x86_64-linux-gnu/libc-2.31.so
7f53a1dcb000-7f53a1dcf000 r--p 001e7000 fd:00 661852                     /usr/lib/x86_64-linux-gnu/libc-2.31.so
7f53a1dcf000-7f53a1dd1000 rw-p 001eb000 fd:00 661852                     /usr/lib/x86_64-linux-gnu/libc-2.31.so
7f53a1dd1000-7f53a1dd5000 rw-p 00000000 00:00 0 
7f53a1ddc000-7f53a1de4000 rw-s 00000000 fd:00 3282878                    /tmp/hsperfdata_dc2022/2028828
7f53a1de4000-7f53a1de5000 rw-p 00000000 00:00 0 
7f53a1de5000-7f53a1de8000 r--p 00000000 fd:00 663018                     /usr/lib/jvm/java-8-openjdk-amd64/jre/lib/amd64/jli/libjli.so
7f53a1de8000-7f53a1df2000 r-xp 00003000 fd:00 663018                     /usr/lib/jvm/java-8-openjdk-amd64/jre/lib/amd64/jli/libjli.so
7f53a1df2000-7f53a1df5000 r--p 0000d000 fd:00 663018                     /usr/lib/jvm/java-8-openjdk-amd64/jre/lib/amd64/jli/libjli.so
7f53a1df5000-7f53a1df6000 r--p 0000f000 fd:00 663018                     /usr/lib/jvm/java-8-openjdk-amd64/jre/lib/amd64/jli/libjli.so
7f53a1df6000-7f53a1df7000 rw-p 00010000 fd:00 663018                     /usr/lib/jvm/java-8-openjdk-amd64/jre/lib/amd64/jli/libjli.so
7f53a1df7000-7f53a1df9000 rw-p 00000000 00:00 0 
7f53a1df9000-7f53a1dfa000 r--p 00000000 fd:00 661812                     /usr/lib/x86_64-linux-gnu/ld-2.31.so
7f53a1dfa000-7f53a1e1d000 r-xp 00001000 fd:00 661812                     /usr/lib/x86_64-linux-gnu/ld-2.31.so
7f53a1e1d000-7f53a1e25000 r--p 00024000 fd:00 661812                     /usr/lib/x86_64-linux-gnu/ld-2.31.so
7f53a1e25000-7f53a1e26000 r--p 00000000 00:00 0 
7f53a1e26000-7f53a1e27000 r--p 0002c000 fd:00 661812                     /usr/lib/x86_64-linux-gnu/ld-2.31.so
7f53a1e27000-7f53a1e28000 rw-p 0002d000 fd:00 661812                     /usr/lib/x86_64-linux-gnu/ld-2.31.so
7f53a1e28000-7f53a1e29000 rw-p 00000000 00:00 0 
7ffc22e5f000-7ffc22e80000 rw-p 00000000 00:00 0                          [stack]
7ffc22fe9000-7ffc22fec000 r--p 00000000 00:00 0                          [vvar]
7ffc22fec000-7ffc22fed000 r-xp 00000000 00:00 0                          [vdso]
ffffffffff600000-ffffffffff601000 --xp 00000000 00:00 0                  [vsyscall]

VM Arguments:
java_command: RMI_SquaredClient
java_class_path (initial): .
Launcher Type: SUN_STANDARD

Environment Variables:
JAVA_HOME=/usr/lib/jvm/java-8-openjdk-amd64
PATH=/opt/hadoop/bin:/usr/java/default/bin:/usr/local/sbin:/usr/local/bin:/usr/sbin:/usr/bin:/sbin:/bin:/usr/games:/usr/local/games:/snap/bin
SHELL=/bin/bash

Signal Handlers:
SIGSEGV: [libjvm.so+0xb34340], sa_mask[0]=11111111011111111101111111111110, sa_flags=SA_RESTART|SA_SIGINFO
SIGBUS: [libjvm.so+0xb34340], sa_mask[0]=11111111011111111101111111111110, sa_flags=SA_RESTART|SA_SIGINFO
SIGFPE: [libjvm.so+0x978010], sa_mask[0]=11111111011111111101111111111110, sa_flags=SA_RESTART|SA_SIGINFO
SIGPIPE: [libjvm.so+0x978010], sa_mask[0]=11111111011111111101111111111110, sa_flags=SA_RESTART|SA_SIGINFO
SIGXFSZ: [libjvm.so+0x978010], sa_mask[0]=11111111011111111101111111111110, sa_flags=SA_RESTART|SA_SIGINFO
SIGILL: [libjvm.so+0x978010], sa_mask[0]=11111111011111111101111111111110, sa_flags=SA_RESTART|SA_SIGINFO
SIGUSR1: SIG_DFL, sa_mask[0]=00000000000000000000000000000000, sa_flags=none
SIGUSR2: [libjvm.so+0x978340], sa_mask[0]=00000000000000000000000000000000, sa_flags=SA_RESTART|SA_SIGINFO
SIGHUP: SIG_DFL, sa_mask[0]=00000000000000000000000000000000, sa_flags=none
SIGINT: SIG_DFL, sa_mask[0]=00000000000000000000000000000000, sa_flags=none
SIGTERM: SIG_DFL, sa_mask[0]=00000000000000000000000000000000, sa_flags=none
SIGQUIT: SIG_DFL, sa_mask[0]=00000000000000000000000000000000, sa_flags=none


---------------  S Y S T E M  ---------------

OS:DISTRIB_ID=Ubuntu
DISTRIB_RELEASE=20.04
DISTRIB_CODENAME=focal
DISTRIB_DESCRIPTION="Ubuntu 20.04.3 LTS"

uname:Linux 5.4.0-91-generic #102-Ubuntu SMP Fri Nov 5 16:31:28 UTC 2021 x86_64
libc:glibc 2.31 NPTL 2.31 
rlimit: STACK 8192k, CORE 0k, NPROC 38505, NOFILE 1048576, AS infinity
load average:137.68 31.59 10.54

/proc/meminfo:
MemTotal:        9947456 kB
MemFree:          108064 kB
MemAvailable:     303000 kB
Buffers:            3064 kB
Cached:            64208 kB
SwapCached:       125424 kB
Active:          5142360 kB
Inactive:        1758860 kB
Active(anon):    5107744 kB
Inactive(anon):  1737204 kB
Active(file):      34616 kB
Inactive(file):    21656 kB
Unevictable:       18632 kB
Mlocked:           18632 kB
SwapTotal:       4194300 kB
SwapFree:        2617932 kB
Dirty:             12228 kB
Writeback:          2252 kB
AnonPages:       6757212 kB
Mapped:            42564 kB
Shmem:               700 kB
KReclaimable:     391588 kB
Slab:            1606460 kB
SReclaimable:     391588 kB
SUnreclaim:      1214872 kB
KernelStack:      431840 kB
PageTables:       319368 kB
NFS_Unstable:          0 kB
Bounce:                0 kB
WritebackTmp:          0 kB
CommitLimit:     9168028 kB
Committed_AS:   240723212 kB
VmallocTotal:   34359738367 kB
VmallocUsed:      472884 kB
VmallocChunk:          0 kB
Percpu:           173312 kB
HardwareCorrupted:     0 kB
AnonHugePages:         0 kB
ShmemHugePages:        0 kB
ShmemPmdMapped:        0 kB
FileHugePages:         0 kB
FilePmdMapped:         0 kB
CmaTotal:              0 kB
CmaFree:               0 kB
HugePages_Total:       0
HugePages_Free:        0
HugePages_Rsvd:        0
HugePages_Surp:        0
Hugepagesize:       2048 kB
Hugetlb:               0 kB
DirectMap4k:     3657664 kB
DirectMap2M:     6582272 kB
DirectMap1G:           0 kB

container (cgroup) information:
container_type: cgroupv1
cpu_cpuset_cpus: 0-43
cpu_memory_nodes: 0
active_processor_count: 44
cpu_quota: -1
cpu_period: 100000
cpu_shares: -1
memory_limit_in_bytes: -1
memory_and_swap_limit_in_bytes: -2
memory_soft_limit_in_bytes: -1
memory_usage_in_bytes: 5935079424
memory_max_usage_in_bytes: 5935079424


CPU:total 44 (initial active 44) (64 cores per cpu, 1 threads per core) family 6 model 85 stepping 4, cmov, cx8, fxsr, mmx, sse, sse2, sse3, ssse3, sse4.1, sse4.2, popcnt, avx, avx2, aes, clmul, erms, rtm, 3dnowpref, lzcnt, tsc, bmi1, bmi2, adx

/proc/cpuinfo:
processor	: 0
vendor_id	: GenuineIntel
cpu family	: 6
model		: 85
model name	: Intel(R) Xeon(R) Gold 6152 CPU @ 2.10GHz
stepping	: 4
microcode	: 0xffffffff
cpu MHz		: 2095.080
cache size	: 30976 KB
physical id	: 0
siblings	: 44
core id		: 0
cpu cores	: 44
apicid		: 0
initial apicid	: 0
fpu		: yes
fpu_exception	: yes
cpuid level	: 21
wp		: yes
flags		: fpu vme de pse tsc msr pae mce cx8 apic sep mtrr pge mca cmov pat pse36 clflush mmx fxsr sse sse2 ss ht syscall nx pdpe1gb rdtscp lm constant_tsc rep_good nopl xtopology cpuid pni pclmulqdq ssse3 fma cx16 pcid sse4_1 sse4_2 movbe popcnt aes xsave avx f16c rdrand hypervisor lahf_lm abm 3dnowprefetch invpcid_single pti ssbd ibrs ibpb stibp fsgsbase bmi1 hle avx2 smep bmi2 erms invpcid rtm mpx avx512f avx512dq rdseed adx smap clflushopt avx512cd avx512bw avx512vl xsaveopt xsavec xsaves flush_l1d
bugs		: cpu_meltdown spectre_v1 spectre_v2 spec_store_bypass l1tf mds swapgs taa itlb_multihit
bogomips	: 4190.16
clflush size	: 64
cache_alignment	: 64
address sizes	: 44 bits physical, 48 bits virtual
power management:

processor	: 1
vendor_id	: GenuineIntel
cpu family	: 6
model		: 85
model name	: Intel(R) Xeon(R) Gold 6152 CPU @ 2.10GHz
stepping	: 4
microcode	: 0xffffffff
cpu MHz		: 2095.080
cache size	: 30976 KB
physical id	: 0
siblings	: 44
core id		: 1
cpu cores	: 44
apicid		: 1
initial apicid	: 1
fpu		: yes
fpu_exception	: yes
cpuid level	: 21
wp		: yes
flags		: fpu vme de pse tsc msr pae mce cx8 apic sep mtrr pge mca cmov pat pse36 clflush mmx fxsr sse sse2 ss ht syscall nx pdpe1gb rdtscp lm constant_tsc rep_good nopl xtopology cpuid pni pclmulqdq ssse3 fma cx16 pcid sse4_1 sse4_2 movbe popcnt aes xsave avx f16c rdrand hypervisor lahf_lm abm 3dnowprefetch invpcid_single pti ssbd ibrs ibpb stibp fsgsbase bmi1 hle avx2 smep bmi2 erms invpcid rtm mpx avx512f avx512dq rdseed adx smap clflushopt avx512cd avx512bw avx512vl xsaveopt xsavec xsaves flush_l1d
bugs		: cpu_meltdown spectre_v1 spectre_v2 spec_store_bypass l1tf mds swapgs taa itlb_multihit
bogomips	: 4190.16
clflush size	: 64
cache_alignment	: 64
address sizes	: 44 bits physical, 48 bits virtual
power management:

processor	: 2
vendor_id	: GenuineIntel
cpu family	: 6
model		: 85
model name	: Intel(R) Xeon(R) Gold 6152 CPU @ 2.10GHz
stepping	: 4
microcode	: 0xffffffff
cpu MHz		: 2095.080
cache size	: 30976 KB
physical id	: 0
siblings	: 44
core id		: 2
cpu cores	: 44
apicid		: 2
initial apicid	: 2
fpu		: yes
fpu_exception	: yes
cpuid level	: 21
wp		: yes
flags		: fpu vme de pse tsc msr pae mce cx8 apic sep mtrr pge mca cmov pat pse36 clflush mmx fxsr sse sse2 ss ht syscall nx pdpe1gb rdtscp lm constant_tsc rep_good nopl xtopology cpuid pni pclmulqdq ssse3 fma cx16 pcid sse4_1 sse4_2 movbe popcnt aes xsave avx f16c rdrand hypervisor lahf_lm abm 3dnowprefetch invpcid_single pti ssbd ibrs ibpb stibp fsgsbase bmi1 hle avx2 smep bmi2 erms invpcid rtm mpx avx512f avx512dq rdseed adx smap clflushopt avx512cd avx512bw avx512vl xsaveopt xsavec xsaves flush_l1d
bugs		: cpu_meltdown spectre_v1 spectre_v2 spec_store_bypass l1tf mds swapgs taa itlb_multihit
bogomips	: 4190.16
clflush size	: 64
cache_alignment	: 64
address sizes	: 44 bits physical, 48 bits virtual
power management:

processor	: 3
vendor_id	: GenuineIntel
cpu family	: 6
model		: 85
model name	: Intel(R) Xeon(R) Gold 6152 CPU @ 2.10GHz
stepping	: 4
microcode	: 0xffffffff
cpu MHz		: 2095.080
cache size	: 30976 KB
physical id	: 0
siblings	: 44
core id		: 3
cpu cores	: 44
apicid		: 3
initial apicid	: 3
fpu		: yes
fpu_exception	: yes
cpuid level	: 21
wp		: yes
flags		: fpu vme de pse tsc msr pae mce cx8 apic sep mtrr pge mca cmov pat pse36 clflush mmx fxsr sse sse2 ss ht syscall nx pdpe1gb rdtscp lm constant_tsc rep_good nopl xtopology cpuid pni pclmulqdq ssse3 fma cx16 pcid sse4_1 sse4_2 movbe popcnt aes xsave avx f16c rdrand hypervisor lahf_lm abm 3dnowprefetch invpcid_single pti ssbd ibrs ibpb stibp fsgsbase bmi1 hle avx2 smep bmi2 erms invpcid rtm mpx avx512f avx512dq rdseed adx smap clflushopt avx512cd avx512bw avx512vl xsaveopt xsavec xsaves flush_l1d
bugs		: cpu_meltdown spectre_v1 spectre_v2 spec_store_bypass l1tf mds swapgs taa itlb_multihit
bogomips	: 4190.16
clflush size	: 64
cache_alignment	: 64
address sizes	: 44 bits physical, 48 bits virtual
power management:

processor	: 4
vendor_id	: GenuineIntel
cpu family	: 6
model		: 85
model name	: Intel(R) Xeon(R) Gold 6152 CPU @ 2.10GHz
stepping	: 4
microcode	: 0xffffffff
cpu MHz		: 2095.080
cache size	: 30976 KB
physical id	: 0
siblings	: 44
core id		: 4
cpu cores	: 44
apicid		: 4
initial apicid	: 4
fpu		: yes
fpu_exception	: yes
cpuid level	: 21
wp		: yes
flags		: fpu vme de pse tsc msr pae mce cx8 apic sep mtrr pge mca cmov pat pse36 clflush mmx fxsr sse sse2 ss ht syscall nx pdpe1gb rdtscp lm constant_tsc rep_good nopl xtopology cpuid pni pclmulqdq ssse3 fma cx16 pcid sse4_1 sse4_2 movbe popcnt aes xsave avx f16c rdrand hypervisor lahf_lm abm 3dnowprefetch invpcid_single pti ssbd ibrs ibpb stibp fsgsbase bmi1 hle avx2 smep bmi2 erms invpcid rtm mpx avx512f avx512dq rdseed adx smap clflushopt avx512cd avx512bw avx512vl xsaveopt xsavec xsaves flush_l1d
bugs		: cpu_meltdown spectre_v1 spectre_v2 spec_store_bypass l1tf mds swapgs taa itlb_multihit
bogomips	: 4190.16
clflush size	: 64
cache_alignment	: 64
address sizes	: 44 bits physical, 48 bits virtual
power management:

processor	: 5
vendor_id	: GenuineIntel
cpu family	: 6
model		: 85
model name	: Intel(R) Xeon(R) Gold 6152 CPU @ 2.10GHz
stepping	: 4
microcode	: 0xffffffff
cpu MHz		: 2095.080
cache size	: 30976 KB
physical id	: 0
siblings	: 44
core id		: 5
cpu cores	: 44
apicid		: 5
initial apicid	: 5
fpu		: yes
fpu_exception	: yes
cpuid level	: 21
wp		: yes
flags		: fpu vme de pse tsc msr pae mce cx8 apic sep mtrr pge mca cmov pat pse36 clflush mmx fxsr sse sse2 ss ht syscall nx pdpe1gb rdtscp lm constant_tsc rep_good nopl xtopology cpuid pni pclmulqdq ssse3 fma cx16 pcid sse4_1 sse4_2 movbe popcnt aes xsave avx f16c rdrand hypervisor lahf_lm abm 3dnowprefetch invpcid_single pti ssbd ibrs ibpb stibp fsgsbase bmi1 hle avx2 smep bmi2 erms invpcid rtm mpx avx512f avx512dq rdseed adx smap clflushopt avx512cd avx512bw avx512vl xsaveopt xsavec xsaves flush_l1d
bugs		: cpu_meltdown spectre_v1 spectre_v2 spec_store_bypass l1tf mds swapgs taa itlb_multihit
bogomips	: 4190.16
clflush size	: 64
cache_alignment	: 64
address sizes	: 44 bits physical, 48 bits virtual
power management:

processor	: 6
vendor_id	: GenuineIntel
cpu family	: 6
model		: 85
model name	: Intel(R) Xeon(R) Gold 6152 CPU @ 2.10GHz
stepping	: 4
microcode	: 0xffffffff
cpu MHz		: 2095.080
cache size	: 30976 KB
physical id	: 0
siblings	: 44
core id		: 6
cpu cores	: 44
apicid		: 6
initial apicid	: 6
fpu		: yes
fpu_exception	: yes
cpuid level	: 21
wp		: yes
flags		: fpu vme de pse tsc msr pae mce cx8 apic sep mtrr pge mca cmov pat pse36 clflush mmx fxsr sse sse2 ss ht syscall nx pdpe1gb rdtscp lm constant_tsc rep_good nopl xtopology cpuid pni pclmulqdq ssse3 fma cx16 pcid sse4_1 sse4_2 movbe popcnt aes xsave avx f16c rdrand hypervisor lahf_lm abm 3dnowprefetch invpcid_single pti ssbd ibrs ibpb stibp fsgsbase bmi1 hle avx2 smep bmi2 erms invpcid rtm mpx avx512f avx512dq rdseed adx smap clflushopt avx512cd avx512bw avx512vl xsaveopt xsavec xsaves flush_l1d
bugs		: cpu_meltdown spectre_v1 spectre_v2 spec_store_bypass l1tf mds swapgs taa itlb_multihit
bogomips	: 4190.16
clflush size	: 64
cache_alignment	: 64
address sizes	: 44 bits physical, 48 bits virtual
power management:

processor	: 7
vendor_id	: GenuineIntel
cpu family	: 6
model		: 85
model name	: Intel(R) Xeon(R) Gold 6152 CPU @ 2.10GHz
stepping	: 4
microcode	: 0xffffffff
cpu MHz		: 2095.080
cache size	: 30976 KB
physical id	: 0
siblings	: 44
core id		: 7
cpu cores	: 44
apicid		: 7
initial apicid	: 7
fpu		: yes
fpu_exception	: yes
cpuid level	: 21
wp		: yes
flags		: fpu vme de pse tsc msr pae mce cx8 apic sep mtrr pge mca cmov pat pse36 clflush mmx fxsr sse sse2 ss ht syscall nx pdpe1gb rdtscp lm constant_tsc rep_good nopl xtopology cpuid pni pclmulqdq ssse3 fma cx16 pcid sse4_1 sse4_2 movbe popcnt aes xsave avx f16c rdrand hypervisor lahf_lm abm 3dnowprefetch invpcid_single pti ssbd ibrs ibpb stibp fsgsbase bmi1 hle avx2 smep bmi2 erms invpcid rtm mpx avx512f avx512dq rdseed adx smap clflushopt avx512cd avx512bw avx512vl xsaveopt xsavec xsaves flush_l1d
bugs		: cpu_meltdown spectre_v1 spectre_v2 spec_store_bypass l1tf mds swapgs taa itlb_multihit
bogomips	: 4190.16
clflush size	: 64
cache_alignment	: 64
address sizes	: 44 bits physical, 48 bits virtual
power management:

processor	: 8
vendor_id	: GenuineIntel
cpu family	: 6
model		: 85
model name	: Intel(R) Xeon(R) Gold 6152 CPU @ 2.10GHz
stepping	: 4
microcode	: 0xffffffff
cpu MHz		: 2095.080
cache size	: 30976 KB
physical id	: 0
siblings	: 44
core id		: 8
cpu cores	: 44
apicid		: 8
initial apicid	: 8
fpu		: yes
fpu_exception	: yes
cpuid level	: 21
wp		: yes
flags		: fpu vme de pse tsc msr pae mce cx8 apic sep mtrr pge mca cmov pat pse36 clflush mmx fxsr sse sse2 ss ht syscall nx pdpe1gb rdtscp lm constant_tsc rep_good nopl xtopology cpuid pni pclmulqdq ssse3 fma cx16 pcid sse4_1 sse4_2 movbe popcnt aes xsave avx f16c rdrand hypervisor lahf_lm abm 3dnowprefetch invpcid_single pti ssbd ibrs ibpb stibp fsgsbase bmi1 hle avx2 smep bmi2 erms invpcid rtm mpx avx512f avx512dq rdseed adx smap clflushopt avx512cd avx512bw avx512vl xsaveopt xsavec xsaves flush_l1d
bugs		: cpu_meltdown spectre_v1 spectre_v2 spec_store_bypass l1tf mds swapgs taa itlb_multihit
bogomips	: 4190.16
clflush size	: 64
cache_alignment	: 64
address sizes	: 44 bits physical, 48 bits virtual
power management:

processor	: 9
vendor_id	: GenuineIntel
cpu family	: 6
model		: 85
model name	: Intel(R) Xeon(R) Gold 6152 CPU @ 2.10GHz
stepping	: 4
microcode	: 0xffffffff
cpu MHz		: 2095.080
cache size	: 30976 KB
physical id	: 0
siblings	: 44
core id		: 9
cpu cores	: 44
apicid		: 9
initial apicid	: 9
fpu		: yes
fpu_exception	: yes
cpuid level	: 21
wp		: yes
flags		: fpu vme de pse tsc msr pae mce cx8 apic sep mtrr pge mca cmov pat pse36 clflush mmx fxsr sse sse2 ss ht syscall nx pdpe1gb rdtscp lm constant_tsc rep_good nopl xtopology cpuid pni pclmulqdq ssse3 fma cx16 pcid sse4_1 sse4_2 movbe popcnt aes xsave avx f16c rdrand hypervisor lahf_lm abm 3dnowprefetch invpcid_single pti ssbd ibrs ibpb stibp fsgsbase bmi1 hle avx2 smep bmi2 erms invpcid rtm mpx avx512f avx512dq rdseed adx smap clflushopt avx512cd avx512bw avx512vl xsaveopt xsavec xsaves flush_l1d
bugs		: cpu_meltdown spectre_v1 spectre_v2 spec_store_bypass l1tf mds swapgs taa itlb_multihit
bogomips	: 4190.16
clflush size	: 64
cache_alignment	: 64
address sizes	: 44 bits physical, 48 bits virtual
power management:

processor	: 10
vendor_id	: GenuineIntel
cpu family	: 6
model		: 85
model name	: Intel(R) Xeon(R) Gold 6152 CPU @ 2.10GHz
stepping	: 4
microcode	: 0xffffffff
cpu MHz		: 2095.080
cache size	: 30976 KB
physical id	: 0
siblings	: 44
core id		: 10
cpu cores	: 44
apicid		: 10
initial apicid	: 10
fpu		: yes
fpu_exception	: yes
cpuid level	: 21
wp		: yes
flags		: fpu vme de pse tsc msr pae mce cx8 apic sep mtrr pge mca cmov pat pse36 clflush mmx fxsr sse sse2 ss ht syscall nx pdpe1gb rdtscp lm constant_tsc rep_good nopl xtopology cpuid pni pclmulqdq ssse3 fma cx16 pcid sse4_1 sse4_2 movbe popcnt aes xsave avx f16c rdrand hypervisor lahf_lm abm 3dnowprefetch invpcid_single pti ssbd ibrs ibpb stibp fsgsbase bmi1 hle avx2 smep bmi2 erms invpcid rtm mpx avx512f avx512dq rdseed adx smap clflushopt avx512cd avx512bw avx512vl xsaveopt xsavec xsaves flush_l1d
bugs		: cpu_meltdown spectre_v1 spectre_v2 spec_store_bypass l1tf mds swapgs taa itlb_multihit
bogomips	: 4190.16
clflush size	: 64
cache_alignment	: 64
address sizes	: 44 bits physical, 48 bits virtual
power management:

processor	: 11
vendor_id	: GenuineIntel
cpu family	: 6
model		: 85
model name	: Intel(R) Xeon(R) Gold 6152 CPU @ 2.10GHz
stepping	: 4
microcode	: 0xffffffff
cpu MHz		: 2095.080
cache size	: 30976 KB
physical id	: 0
siblings	: 44
core id		: 11
cpu cores	: 44
apicid		: 11
initial apicid	: 11
fpu		: yes
fpu_exception	: yes
cpuid level	: 21
wp		: yes
flags		: fpu vme de pse tsc msr pae mce cx8 apic sep mtrr pge mca cmov pat pse36 clflush mmx fxsr sse sse2 ss ht syscall nx pdpe1gb rdtscp lm constant_tsc rep_good nopl xtopology cpuid pni pclmulqdq ssse3 fma cx16 pcid sse4_1 sse4_2 movbe popcnt aes xsave avx f16c rdrand hypervisor lahf_lm abm 3dnowprefetch invpcid_single pti ssbd ibrs ibpb stibp fsgsbase bmi1 hle avx2 smep bmi2 erms invpcid rtm mpx avx512f avx512dq rdseed adx smap clflushopt avx512cd avx512bw avx512vl xsaveopt xsavec xsaves flush_l1d
bugs		: cpu_meltdown spectre_v1 spectre_v2 spec_store_bypass l1tf mds swapgs taa itlb_multihit
bogomips	: 4190.16
clflush size	: 64
cache_alignment	: 64
address sizes	: 44 bits physical, 48 bits virtual
power management:

processor	: 12
vendor_id	: GenuineIntel
cpu family	: 6
model		: 85
model name	: Intel(R) Xeon(R) Gold 6152 CPU @ 2.10GHz
stepping	: 4
microcode	: 0xffffffff
cpu MHz		: 2095.080
cache size	: 30976 KB
physical id	: 0
siblings	: 44
core id		: 12
cpu cores	: 44
apicid		: 12
initial apicid	: 12
fpu		: yes
fpu_exception	: yes
cpuid level	: 21
wp		: yes
flags		: fpu vme de pse tsc msr pae mce cx8 apic sep mtrr pge mca cmov pat pse36 clflush mmx fxsr sse sse2 ss ht syscall nx pdpe1gb rdtscp lm constant_tsc rep_good nopl xtopology cpuid pni pclmulqdq ssse3 fma cx16 pcid sse4_1 sse4_2 movbe popcnt aes xsave avx f16c rdrand hypervisor lahf_lm abm 3dnowprefetch invpcid_single pti ssbd ibrs ibpb stibp fsgsbase bmi1 hle avx2 smep bmi2 erms invpcid rtm mpx avx512f avx512dq rdseed adx smap clflushopt avx512cd avx512bw avx512vl xsaveopt xsavec xsaves flush_l1d
bugs		: cpu_meltdown spectre_v1 spectre_v2 spec_store_bypass l1tf mds swapgs taa itlb_multihit
bogomips	: 4190.16
clflush size	: 64
cache_alignment	: 64
address sizes	: 44 bits physical, 48 bits virtual
power management:

processor	: 13
vendor_id	: GenuineIntel
cpu family	: 6
model		: 85
model name	: Intel(R) Xeon(R) Gold 6152 CPU @ 2.10GHz
stepping	: 4
microcode	: 0xffffffff
cpu MHz		: 2095.080
cache size	: 30976 KB
physical id	: 0
siblings	: 44
core id		: 13
cpu cores	: 44
apicid		: 13
initial apicid	: 13
fpu		: yes
fpu_exception	: yes
cpuid level	: 21
wp		: yes
flags		: fpu vme de pse tsc msr pae mce cx8 apic sep mtrr pge mca cmov pat pse36 clflush mmx fxsr sse sse2 ss ht syscall nx pdpe1gb rdtscp lm constant_tsc rep_good nopl xtopology cpuid pni pclmulqdq ssse3 fma cx16 pcid sse4_1 sse4_2 movbe popcnt aes xsave avx f16c rdrand hypervisor lahf_lm abm 3dnowprefetch invpcid_single pti ssbd ibrs ibpb stibp fsgsbase bmi1 hle avx2 smep bmi2 erms invpcid rtm mpx avx512f avx512dq rdseed adx smap clflushopt avx512cd avx512bw avx512vl xsaveopt xsavec xsaves flush_l1d
bugs		: cpu_meltdown spectre_v1 spectre_v2 spec_store_bypass l1tf mds swapgs taa itlb_multihit
bogomips	: 4190.16
clflush size	: 64
cache_alignment	: 64
address sizes	: 44 bits physical, 48 bits virtual
power management:

processor	: 14
vendor_id	: GenuineIntel
cpu family	: 6
model		: 85
model name	: Intel(R) Xeon(R) Gold 6152 CPU @ 2.10GHz
stepping	: 4
microcode	: 0xffffffff
cpu MHz		: 2095.080
cache size	: 30976 KB
physical id	: 0
siblings	: 44
core id		: 14
cpu cores	: 44
apicid		: 14
initial apicid	: 14
fpu		: yes
fpu_exception	: yes
cpuid level	: 21
wp		: yes
flags		: fpu vme de pse tsc msr pae mce cx8 apic sep mtrr pge mca cmov pat pse36 clflush mmx fxsr sse sse2 ss ht syscall nx pdpe1gb rdtscp lm constant_tsc rep_good nopl xtopology cpuid pni pclmulqdq ssse3 fma cx16 pcid sse4_1 sse4_2 movbe popcnt aes xsave avx f16c rdrand hypervisor lahf_lm abm 3dnowprefetch invpcid_single pti ssbd ibrs ibpb stibp fsgsbase bmi1 hle avx2 smep bmi2 erms invpcid rtm mpx avx512f avx512dq rdseed adx smap clflushopt avx512cd avx512bw avx512vl xsaveopt xsavec xsaves flush_l1d
bugs		: cpu_meltdown spectre_v1 spectre_v2 spec_store_bypass l1tf mds swapgs taa itlb_multihit
bogomips	: 4190.16
clflush size	: 64
cache_alignment	: 64
address sizes	: 44 bits physical, 48 bits virtual
power management:

processor	: 15
vendor_id	: GenuineIntel
cpu family	: 6
model		: 85
model name	: Intel(R) Xeon(R) Gold 6152 CPU @ 2.10GHz
stepping	: 4
microcode	: 0xffffffff
cpu MHz		: 2095.080
cache size	: 30976 KB
physical id	: 0
siblings	: 44
core id		: 15
cpu cores	: 44
apicid		: 15
initial apicid	: 15
fpu		: yes
fpu_exception	: yes
cpuid level	: 21
wp		: yes
flags		: fpu vme de pse tsc msr pae mce cx8 apic sep mtrr pge mca cmov pat pse36 clflush mmx fxsr sse sse2 ss ht syscall nx pdpe1gb rdtscp lm constant_tsc rep_good nopl xtopology cpuid pni pclmulqdq ssse3 fma cx16 pcid sse4_1 sse4_2 movbe popcnt aes xsave avx f16c rdrand hypervisor lahf_lm abm 3dnowprefetch invpcid_single pti ssbd ibrs ibpb stibp fsgsbase bmi1 hle avx2 smep bmi2 erms invpcid rtm mpx avx512f avx512dq rdseed adx smap clflushopt avx512cd avx512bw avx512vl xsaveopt xsavec xsaves flush_l1d
bugs		: cpu_meltdown spectre_v1 spectre_v2 spec_store_bypass l1tf mds swapgs taa itlb_multihit
bogomips	: 4190.16
clflush size	: 64
cache_alignment	: 64
address sizes	: 44 bits physical, 48 bits virtual
power management:

processor	: 16
vendor_id	: GenuineIntel
cpu family	: 6
model		: 85
model name	: Intel(R) Xeon(R) Gold 6152 CPU @ 2.10GHz
stepping	: 4
microcode	: 0xffffffff
cpu MHz		: 2095.080
cache size	: 30976 KB
physical id	: 0
siblings	: 44
core id		: 16
cpu cores	: 44
apicid		: 16
initial apicid	: 16
fpu		: yes
fpu_exception	: yes
cpuid level	: 21
wp		: yes
flags		: fpu vme de pse tsc msr pae mce cx8 apic sep mtrr pge mca cmov pat pse36 clflush mmx fxsr sse sse2 ss ht syscall nx pdpe1gb rdtscp lm constant_tsc rep_good nopl xtopology cpuid pni pclmulqdq ssse3 fma cx16 pcid sse4_1 sse4_2 movbe popcnt aes xsave avx f16c rdrand hypervisor lahf_lm abm 3dnowprefetch invpcid_single pti ssbd ibrs ibpb stibp fsgsbase bmi1 hle avx2 smep bmi2 erms invpcid rtm mpx avx512f avx512dq rdseed adx smap clflushopt avx512cd avx512bw avx512vl xsaveopt xsavec xsaves flush_l1d
bugs		: cpu_meltdown spectre_v1 spectre_v2 spec_store_bypass l1tf mds swapgs taa itlb_multihit
bogomips	: 4190.16
clflush size	: 64
cache_alignment	: 64
address sizes	: 44 bits physical, 48 bits virtual
power management:

processor	: 17
vendor_id	: GenuineIntel
cpu family	: 6
model		: 85
model name	: Intel(R) Xeon(R) Gold 6152 CPU @ 2.10GHz
stepping	: 4
microcode	: 0xffffffff
cpu MHz		: 2095.080
cache size	: 30976 KB
physical id	: 0
siblings	: 44
core id		: 17
cpu cores	: 44
apicid		: 17
initial apicid	: 17
fpu		: yes
fpu_exception	: yes
cpuid level	: 21
wp		: yes
flags		: fpu vme de pse tsc msr pae mce cx8 apic sep mtrr pge mca cmov pat pse36 clflush mmx fxsr sse sse2 ss ht syscall nx pdpe1gb rdtscp lm constant_tsc rep_good nopl xtopology cpuid pni pclmulqdq ssse3 fma cx16 pcid sse4_1 sse4_2 movbe popcnt aes xsave avx f16c rdrand hypervisor lahf_lm abm 3dnowprefetch invpcid_single pti ssbd ibrs ibpb stibp fsgsbase bmi1 hle avx2 smep bmi2 erms invpcid rtm mpx avx512f avx512dq rdseed adx smap clflushopt avx512cd avx512bw avx512vl xsaveopt xsavec xsaves flush_l1d
bugs		: cpu_meltdown spectre_v1 spectre_v2 spec_store_bypass l1tf mds swapgs taa itlb_multihit
bogomips	: 4190.16
clflush size	: 64
cache_alignment	: 64
address sizes	: 44 bits physical, 48 bits virtual
power management:

processor	: 18
vendor_id	: GenuineIntel
cpu family	: 6
model		: 85
model name	: Intel(R) Xeon(R) Gold 6152 CPU @ 2.10GHz
stepping	: 4
microcode	: 0xffffffff
cpu MHz		: 2095.080
cache size	: 30976 KB
physical id	: 0
siblings	: 44
core id		: 18
cpu cores	: 44
apicid		: 18
initial apicid	: 18
fpu		: yes
fpu_exception	: yes
cpuid level	: 21
wp		: yes
flags		: fpu vme de pse tsc msr pae mce cx8 apic sep mtrr pge mca cmov pat pse36 clflush mmx fxsr sse sse2 ss ht syscall nx pdpe1gb rdtscp lm constant_tsc rep_good nopl xtopology cpuid pni pclmulqdq ssse3 fma cx16 pcid sse4_1 sse4_2 movbe popcnt aes xsave avx f16c rdrand hypervisor lahf_lm abm 3dnowprefetch invpcid_single pti ssbd ibrs ibpb stibp fsgsbase bmi1 hle avx2 smep bmi2 erms invpcid rtm mpx avx512f avx512dq rdseed adx smap clflushopt avx512cd avx512bw avx512vl xsaveopt xsavec xsaves flush_l1d
bugs		: cpu_meltdown spectre_v1 spectre_v2 spec_store_bypass l1tf mds swapgs taa itlb_multihit
bogomips	: 4190.16
clflush size	: 64
cache_alignment	: 64
address sizes	: 44 bits physical, 48 bits virtual
power management:

processor	: 19
vendor_id	: GenuineIntel
cpu family	: 6
model		: 85
model name	: Intel(R) Xeon(R) Gold 6152 CPU @ 2.10GHz
stepping	: 4
microcode	: 0xffffffff
cpu MHz		: 2095.080
cache size	: 30976 KB
physical id	: 0
siblings	: 44
core id		: 19
cpu cores	: 44
apicid		: 19
initial apicid	: 19
fpu		: yes
fpu_exception	: yes
cpuid level	: 21
wp		: yes
flags		: fpu vme de pse tsc msr pae mce cx8 apic sep mtrr pge mca cmov pat pse36 clflush mmx fxsr sse sse2 ss ht syscall nx pdpe1gb rdtscp lm constant_tsc rep_good nopl xtopology cpuid pni pclmulqdq ssse3 fma cx16 pcid sse4_1 sse4_2 movbe popcnt aes xsave avx f16c rdrand hypervisor lahf_lm abm 3dnowprefetch invpcid_single pti ssbd ibrs ibpb stibp fsgsbase bmi1 hle avx2 smep bmi2 erms invpcid rtm mpx avx512f avx512dq rdseed adx smap clflushopt avx512cd avx512bw avx512vl xsaveopt xsavec xsaves flush_l1d
bugs		: cpu_meltdown spectre_v1 spectre_v2 spec_store_bypass l1tf mds swapgs taa itlb_multihit
bogomips	: 4190.16
clflush size	: 64
cache_alignment	: 64
address sizes	: 44 bits physical, 48 bits virtual
power management:

processor	: 20
vendor_id	: GenuineIntel
cpu family	: 6
model		: 85
model name	: Intel(R) Xeon(R) Gold 6152 CPU @ 2.10GHz
stepping	: 4
microcode	: 0xffffffff
cpu MHz		: 2095.080
cache size	: 30976 KB
physical id	: 0
siblings	: 44
core id		: 20
cpu cores	: 44
apicid		: 20
initial apicid	: 20
fpu		: yes
fpu_exception	: yes
cpuid level	: 21
wp		: yes
flags		: fpu vme de pse tsc msr pae mce cx8 apic sep mtrr pge mca cmov pat pse36 clflush mmx fxsr sse sse2 ss ht syscall nx pdpe1gb rdtscp lm constant_tsc rep_good nopl xtopology cpuid pni pclmulqdq ssse3 fma cx16 pcid sse4_1 sse4_2 movbe popcnt aes xsave avx f16c rdrand hypervisor lahf_lm abm 3dnowprefetch invpcid_single pti ssbd ibrs ibpb stibp fsgsbase bmi1 hle avx2 smep bmi2 erms invpcid rtm mpx avx512f avx512dq rdseed adx smap clflushopt avx512cd avx512bw avx512vl xsaveopt xsavec xsaves flush_l1d
bugs		: cpu_meltdown spectre_v1 spectre_v2 spec_store_bypass l1tf mds swapgs taa itlb_multihit
bogomips	: 4190.16
clflush size	: 64
cache_alignment	: 64
address sizes	: 44 bits physical, 48 bits virtual
power management:

processor	: 21
vendor_id	: GenuineIntel
cpu family	: 6
model		: 85
model name	: Intel(R) Xeon(R) Gold 6152 CPU @ 2.10GHz
stepping	: 4
microcode	: 0xffffffff
cpu MHz		: 2095.080
cache size	: 30976 KB
physical id	: 0
siblings	: 44
core id		: 21
cpu cores	: 44
apicid		: 21
initial apicid	: 21
fpu		: yes
fpu_exception	: yes
cpuid level	: 21
wp		: yes
flags		: fpu vme de pse tsc msr pae mce cx8 apic sep mtrr pge mca cmov pat pse36 clflush mmx fxsr sse sse2 ss ht syscall nx pdpe1gb rdtscp lm constant_tsc rep_good nopl xtopology cpuid pni pclmulqdq ssse3 fma cx16 pcid sse4_1 sse4_2 movbe popcnt aes xsave avx f16c rdrand hypervisor lahf_lm abm 3dnowprefetch invpcid_single pti ssbd ibrs ibpb stibp fsgsbase bmi1 hle avx2 smep bmi2 erms invpcid rtm mpx avx512f avx512dq rdseed adx smap clflushopt avx512cd avx512bw avx512vl xsaveopt xsavec xsaves flush_l1d
bugs		: cpu_meltdown spectre_v1 spectre_v2 spec_store_bypass l1tf mds swapgs taa itlb_multihit
bogomips	: 4190.16
clflush size	: 64
cache_alignment	: 64
address sizes	: 44 bits physical, 48 bits virtual
power management:

processor	: 22
vendor_id	: GenuineIntel
cpu family	: 6
model		: 85
model name	: Intel(R) Xeon(R) Gold 6152 CPU @ 2.10GHz
stepping	: 4
microcode	: 0xffffffff
cpu MHz		: 2095.080
cache size	: 30976 KB
physical id	: 0
siblings	: 44
core id		: 22
cpu cores	: 44
apicid		: 22
initial apicid	: 22
fpu		: yes
fpu_exception	: yes
cpuid level	: 21
wp		: yes
flags		: fpu vme de pse tsc msr pae mce cx8 apic sep mtrr pge mca cmov pat pse36 clflush mmx fxsr sse sse2 ss ht syscall nx pdpe1gb rdtscp lm constant_tsc rep_good nopl xtopology cpuid pni pclmulqdq ssse3 fma cx16 pcid sse4_1 sse4_2 movbe popcnt aes xsave avx f16c rdrand hypervisor lahf_lm abm 3dnowprefetch invpcid_single pti ssbd ibrs ibpb stibp fsgsbase bmi1 hle avx2 smep bmi2 erms invpcid rtm mpx avx512f avx512dq rdseed adx smap clflushopt avx512cd avx512bw avx512vl xsaveopt xsavec xsaves flush_l1d
bugs		: cpu_meltdown spectre_v1 spectre_v2 spec_store_bypass l1tf mds swapgs taa itlb_multihit
bogomips	: 4190.16
clflush size	: 64
cache_alignment	: 64
address sizes	: 44 bits physical, 48 bits virtual
power management:

processor	: 23
vendor_id	: GenuineIntel
cpu family	: 6
model		: 85
model name	: Intel(R) Xeon(R) Gold 6152 CPU @ 2.10GHz
stepping	: 4
microcode	: 0xffffffff
cpu MHz		: 2095.080
cache size	: 30976 KB
physical id	: 0
siblings	: 44
core id		: 23
cpu cores	: 44
apicid		: 23
initial apicid	: 23
fpu		: yes
fpu_exception	: yes
cpuid level	: 21
wp		: yes
flags		: fpu vme de pse tsc msr pae mce cx8 apic sep mtrr pge mca cmov pat pse36 clflush mmx fxsr sse sse2 ss ht syscall nx pdpe1gb rdtscp lm constant_tsc rep_good nopl xtopology cpuid pni pclmulqdq ssse3 fma cx16 pcid sse4_1 sse4_2 movbe popcnt aes xsave avx f16c rdrand hypervisor lahf_lm abm 3dnowprefetch invpcid_single pti ssbd ibrs ibpb stibp fsgsbase bmi1 hle avx2 smep bmi2 erms invpcid rtm mpx avx512f avx512dq rdseed adx smap clflushopt avx512cd avx512bw avx512vl xsaveopt xsavec xsaves flush_l1d
bugs		: cpu_meltdown spectre_v1 spectre_v2 spec_store_bypass l1tf mds swapgs taa itlb_multihit
bogomips	: 4190.16
clflush size	: 64
cache_alignment	: 64
address sizes	: 44 bits physical, 48 bits virtual
power management:

processor	: 24
vendor_id	: GenuineIntel
cpu family	: 6
model		: 85
model name	: Intel(R) Xeon(R) Gold 6152 CPU @ 2.10GHz
stepping	: 4
microcode	: 0xffffffff
cpu MHz		: 2095.080
cache size	: 30976 KB
physical id	: 0
siblings	: 44
core id		: 24
cpu cores	: 44
apicid		: 24
initial apicid	: 24
fpu		: yes
fpu_exception	: yes
cpuid level	: 21
wp		: yes
flags		: fpu vme de pse tsc msr pae mce cx8 apic sep mtrr pge mca cmov pat pse36 clflush mmx fxsr sse sse2 ss ht syscall nx pdpe1gb rdtscp lm constant_tsc rep_good nopl xtopology cpuid pni pclmulqdq ssse3 fma cx16 pcid sse4_1 sse4_2 movbe popcnt aes xsave avx f16c rdrand hypervisor lahf_lm abm 3dnowprefetch invpcid_single pti ssbd ibrs ibpb stibp fsgsbase bmi1 hle avx2 smep bmi2 erms invpcid rtm mpx avx512f avx512dq rdseed adx smap clflushopt avx512cd avx512bw avx512vl xsaveopt xsavec xsaves flush_l1d
bugs		: cpu_meltdown spectre_v1 spectre_v2 spec_store_bypass l1tf mds swapgs taa itlb_multihit
bogomips	: 4190.16
clflush size	: 64
cache_alignment	: 64
address sizes	: 44 bits physical, 48 bits virtual
power management:

processor	: 25
vendor_id	: GenuineIntel
cpu family	: 6
model		: 85
model name	: Intel(R) Xeon(R) Gold 6152 CPU @ 2.10GHz
stepping	: 4
microcode	: 0xffffffff
cpu MHz		: 2095.080
cache size	: 30976 KB
physical id	: 0
siblings	: 44
core id		: 25
cpu cores	: 44
apicid		: 25
initial apicid	: 25
fpu		: yes
fpu_exception	: yes
cpuid level	: 21
wp		: yes
flags		: fpu vme de pse tsc msr pae mce cx8 apic sep mtrr pge mca cmov pat pse36 clflush mmx fxsr sse sse2 ss ht syscall nx pdpe1gb rdtscp lm constant_tsc rep_good nopl xtopology cpuid pni pclmulqdq ssse3 fma cx16 pcid sse4_1 sse4_2 movbe popcnt aes xsave avx f16c rdrand hypervisor lahf_lm abm 3dnowprefetch invpcid_single pti ssbd ibrs ibpb stibp fsgsbase bmi1 hle avx2 smep bmi2 erms invpcid rtm mpx avx512f avx512dq rdseed adx smap clflushopt avx512cd avx512bw avx512vl xsaveopt xsavec xsaves flush_l1d
bugs		: cpu_meltdown spectre_v1 spectre_v2 spec_store_bypass l1tf mds swapgs taa itlb_multihit
bogomips	: 4190.16
clflush size	: 64
cache_alignment	: 64
address sizes	: 44 bits physical, 48 bits virtual
power management:

processor	: 26
vendor_id	: GenuineIntel
cpu family	: 6
model		: 85
model name	: Intel(R) Xeon(R) Gold 6152 CPU @ 2.10GHz
stepping	: 4
microcode	: 0xffffffff
cpu MHz		: 2095.080
cache size	: 30976 KB
physical id	: 0
siblings	: 44
core id		: 26
cpu cores	: 44
apicid		: 26
initial apicid	: 26
fpu		: yes
fpu_exception	: yes
cpuid level	: 21
wp		: yes
flags		: fpu vme de pse tsc msr pae mce cx8 apic sep mtrr pge mca cmov pat pse36 clflush mmx fxsr sse sse2 ss ht syscall nx pdpe1gb rdtscp lm constant_tsc rep_good nopl xtopology cpuid pni pclmulqdq ssse3 fma cx16 pcid sse4_1 sse4_2 movbe popcnt aes xsave avx f16c rdrand hypervisor lahf_lm abm 3dnowprefetch invpcid_single pti ssbd ibrs ibpb stibp fsgsbase bmi1 hle avx2 smep bmi2 erms invpcid rtm mpx avx512f avx512dq rdseed adx smap clflushopt avx512cd avx512bw avx512vl xsaveopt xsavec xsaves flush_l1d
bugs		: cpu_meltdown spectre_v1 spectre_v2 spec_store_bypass l1tf mds swapgs taa itlb_multihit
bogomips	: 4190.16
clflush size	: 64
cache_alignment	: 64
address sizes	: 44 bits physical, 48 bits virtual
power management:

processor	: 27
vendor_id	: GenuineIntel
cpu family	: 6
model		: 85
model name	: Intel(R) Xeon(R) Gold 6152 CPU @ 2.10GHz
stepping	: 4
microcode	: 0xffffffff
cpu MHz		: 2095.080
cache size	: 30976 KB
physical id	: 0
siblings	: 44
core id		: 27
cpu cores	: 44
apicid		: 27
initial apicid	: 27
fpu		: yes
fpu_exception	: yes
cpuid level	: 21
wp		: yes
flags		: fpu vme de pse tsc msr pae mce cx8 apic sep mtrr pge mca cmov pat pse36 clflush mmx fxsr sse sse2 ss ht syscall nx pdpe1gb rdtscp lm constant_tsc rep_good nopl xtopology cpuid pni pclmulqdq ssse3 fma cx16 pcid sse4_1 sse4_2 movbe popcnt aes xsave avx f16c rdrand hypervisor lahf_lm abm 3dnowprefetch invpcid_single pti ssbd ibrs ibpb stibp fsgsbase bmi1 hle avx2 smep bmi2 erms invpcid rtm mpx avx512f avx512dq rdseed adx smap clflushopt avx512cd avx512bw avx512vl xsaveopt xsavec xsaves flush_l1d
bugs		: cpu_meltdown spectre_v1 spectre_v2 spec_store_bypass l1tf mds swapgs taa itlb_multihit
bogomips	: 4190.16
clflush size	: 64
cache_alignment	: 64
address sizes	: 44 bits physical, 48 bits virtual
power management:

processor	: 28
vendor_id	: GenuineIntel
cpu family	: 6
model		: 85
model name	: Intel(R) Xeon(R) Gold 6152 CPU @ 2.10GHz
stepping	: 4
microcode	: 0xffffffff
cpu MHz		: 2095.080
cache size	: 30976 KB
physical id	: 0
siblings	: 44
core id		: 28
cpu cores	: 44
apicid		: 28
initial apicid	: 28
fpu		: yes
fpu_exception	: yes
cpuid level	: 21
wp		: yes
flags		: fpu vme de pse tsc msr pae mce cx8 apic sep mtrr pge mca cmov pat pse36 clflush mmx fxsr sse sse2 ss ht syscall nx pdpe1gb rdtscp lm constant_tsc rep_good nopl xtopology cpuid pni pclmulqdq ssse3 fma cx16 pcid sse4_1 sse4_2 movbe popcnt aes xsave avx f16c rdrand hypervisor lahf_lm abm 3dnowprefetch invpcid_single pti ssbd ibrs ibpb stibp fsgsbase bmi1 hle avx2 smep bmi2 erms invpcid rtm mpx avx512f avx512dq rdseed adx smap clflushopt avx512cd avx512bw avx512vl xsaveopt xsavec xsaves flush_l1d
bugs		: cpu_meltdown spectre_v1 spectre_v2 spec_store_bypass l1tf mds swapgs taa itlb_multihit
bogomips	: 4190.16
clflush size	: 64
cache_alignment	: 64
address sizes	: 44 bits physical, 48 bits virtual
power management:

processor	: 29
vendor_id	: GenuineIntel
cpu family	: 6
model		: 85
model name	: Intel(R) Xeon(R) Gold 6152 CPU @ 2.10GHz
stepping	: 4
microcode	: 0xffffffff
cpu MHz		: 2095.080
cache size	: 30976 KB
physical id	: 0
siblings	: 44
core id		: 29
cpu cores	: 44
apicid		: 29
initial apicid	: 29
fpu		: yes
fpu_exception	: yes
cpuid level	: 21
wp		: yes
flags		: fpu vme de pse tsc msr pae mce cx8 apic sep mtrr pge mca cmov pat pse36 clflush mmx fxsr sse sse2 ss ht syscall nx pdpe1gb rdtscp lm constant_tsc rep_good nopl xtopology cpuid pni pclmulqdq ssse3 fma cx16 pcid sse4_1 sse4_2 movbe popcnt aes xsave avx f16c rdrand hypervisor lahf_lm abm 3dnowprefetch invpcid_single pti ssbd ibrs ibpb stibp fsgsbase bmi1 hle avx2 smep bmi2 erms invpcid rtm mpx avx512f avx512dq rdseed adx smap clflushopt avx512cd avx512bw avx512vl xsaveopt xsavec xsaves flush_l1d
bugs		: cpu_meltdown spectre_v1 spectre_v2 spec_store_bypass l1tf mds swapgs taa itlb_multihit
bogomips	: 4190.16
clflush size	: 64
cache_alignment	: 64
address sizes	: 44 bits physical, 48 bits virtual
power management:

processor	: 30
vendor_id	: GenuineIntel
cpu family	: 6
model		: 85
model name	: Intel(R) Xeon(R) Gold 6152 CPU @ 2.10GHz
stepping	: 4
microcode	: 0xffffffff
cpu MHz		: 2095.080
cache size	: 30976 KB
physical id	: 0
siblings	: 44
core id		: 30
cpu cores	: 44
apicid		: 30
initial apicid	: 30
fpu		: yes
fpu_exception	: yes
cpuid level	: 21
wp		: yes
flags		: fpu vme de pse tsc msr pae mce cx8 apic sep mtrr pge mca cmov pat pse36 clflush mmx fxsr sse sse2 ss ht syscall nx pdpe1gb rdtscp lm constant_tsc rep_good nopl xtopology cpuid pni pclmulqdq ssse3 fma cx16 pcid sse4_1 sse4_2 movbe popcnt aes xsave avx f16c rdrand hypervisor lahf_lm abm 3dnowprefetch invpcid_single pti ssbd ibrs ibpb stibp fsgsbase bmi1 hle avx2 smep bmi2 erms invpcid rtm mpx avx512f avx512dq rdseed adx smap clflushopt avx512cd avx512bw avx512vl xsaveopt xsavec xsaves flush_l1d
bugs		: cpu_meltdown spectre_v1 spectre_v2 spec_store_bypass l1tf mds swapgs taa itlb_multihit
bogomips	: 4190.16
clflush size	: 64
cache_alignment	: 64
address sizes	: 44 bits physical, 48 bits virtual
power management:

processor	: 31
vendor_id	: GenuineIntel
cpu family	: 6
model		: 85
model name	: Intel(R) Xeon(R) Gold 6152 CPU @ 2.10GHz
stepping	: 4
microcode	: 0xffffffff
cpu MHz		: 2095.080
cache size	: 30976 KB
physical id	: 0
siblings	: 44
core id		: 31
cpu cores	: 44
apicid		: 31
initial apicid	: 31
fpu		: yes
fpu_exception	: yes
cpuid level	: 21
wp		: yes
flags		: fpu vme de pse tsc msr pae mce cx8 apic sep mtrr pge mca cmov pat pse36 clflush mmx fxsr sse sse2 ss ht syscall nx pdpe1gb rdtscp lm constant_tsc rep_good nopl xtopology cpuid pni pclmulqdq ssse3 fma cx16 pcid sse4_1 sse4_2 movbe popcnt aes xsave avx f16c rdrand hypervisor lahf_lm abm 3dnowprefetch invpcid_single pti ssbd ibrs ibpb stibp fsgsbase bmi1 hle avx2 smep bmi2 erms invpcid rtm mpx avx512f avx512dq rdseed adx smap clflushopt avx512cd avx512bw avx512vl xsaveopt xsavec xsaves flush_l1d
bugs		: cpu_meltdown spectre_v1 spectre_v2 spec_store_bypass l1tf mds swapgs taa itlb_multihit
bogomips	: 4190.16
clflush size	: 64
cache_alignment	: 64
address sizes	: 44 bits physical, 48 bits virtual
power management:

processor	: 32
vendor_id	: GenuineIntel
cpu family	: 6
model		: 85
model name	: Intel(R) Xeon(R) Gold 6152 CPU @ 2.10GHz
stepping	: 4
microcode	: 0xffffffff
cpu MHz		: 2095.080
cache size	: 30976 KB
physical id	: 0
siblings	: 44
core id		: 32
cpu cores	: 44
apicid		: 32
initial apicid	: 32
fpu		: yes
fpu_exception	: yes
cpuid level	: 21
wp		: yes
flags		: fpu vme de pse tsc msr pae mce cx8 apic sep mtrr pge mca cmov pat pse36 clflush mmx fxsr sse sse2 ss ht syscall nx pdpe1gb rdtscp lm constant_tsc rep_good nopl xtopology cpuid pni pclmulqdq ssse3 fma cx16 pcid sse4_1 sse4_2 movbe popcnt aes xsave avx f16c rdrand hypervisor lahf_lm abm 3dnowprefetch invpcid_single pti ssbd ibrs ibpb stibp fsgsbase bmi1 hle avx2 smep bmi2 erms invpcid rtm mpx avx512f avx512dq rdseed adx smap clflushopt avx512cd avx512bw avx512vl xsaveopt xsavec xsaves flush_l1d
bugs		: cpu_meltdown spectre_v1 spectre_v2 spec_store_bypass l1tf mds swapgs taa itlb_multihit
bogomips	: 4190.16
clflush size	: 64
cache_alignment	: 64
address sizes	: 44 bits physical, 48 bits virtual
power management:

processor	: 33
vendor_id	: GenuineIntel
cpu family	: 6
model		: 85
model name	: Intel(R) Xeon(R) Gold 6152 CPU @ 2.10GHz
stepping	: 4
microcode	: 0xffffffff
cpu MHz		: 2095.080
cache size	: 30976 KB
physical id	: 0
siblings	: 44
core id		: 33
cpu cores	: 44
apicid		: 33
initial apicid	: 33
fpu		: yes
fpu_exception	: yes
cpuid level	: 21
wp		: yes
flags		: fpu vme de pse tsc msr pae mce cx8 apic sep mtrr pge mca cmov pat pse36 clflush mmx fxsr sse sse2 ss ht syscall nx pdpe1gb rdtscp lm constant_tsc rep_good nopl xtopology cpuid pni pclmulqdq ssse3 fma cx16 pcid sse4_1 sse4_2 movbe popcnt aes xsave avx f16c rdrand hypervisor lahf_lm abm 3dnowprefetch invpcid_single pti ssbd ibrs ibpb stibp fsgsbase bmi1 hle avx2 smep bmi2 erms invpcid rtm mpx avx512f avx512dq rdseed adx smap clflushopt avx512cd avx512bw avx512vl xsaveopt xsavec xsaves flush_l1d
bugs		: cpu_meltdown spectre_v1 spectre_v2 spec_store_bypass l1tf mds swapgs taa itlb_multihit
bogomips	: 4190.16
clflush size	: 64
cache_alignment	: 64
address sizes	: 44 bits physical, 48 bits virtual
power management:

processor	: 34
vendor_id	: GenuineIntel
cpu family	: 6
model		: 85
model name	: Intel(R) Xeon(R) Gold 6152 CPU @ 2.10GHz
stepping	: 4
microcode	: 0xffffffff
cpu MHz		: 2095.080
cache size	: 30976 KB
physical id	: 0
siblings	: 44
core id		: 34
cpu cores	: 44
apicid		: 34
initial apicid	: 34
fpu		: yes
fpu_exception	: yes
cpuid level	: 21
wp		: yes
flags		: fpu vme de pse tsc msr pae mce cx8 apic sep mtrr pge mca cmov pat pse36 clflush mmx fxsr sse sse2 ss ht syscall nx pdpe1gb rdtscp lm constant_tsc rep_good nopl xtopology cpuid pni pclmulqdq ssse3 fma cx16 pcid sse4_1 sse4_2 movbe popcnt aes xsave avx f16c rdrand hypervisor lahf_lm abm 3dnowprefetch invpcid_single pti ssbd ibrs ibpb stibp fsgsbase bmi1 hle avx2 smep bmi2 erms invpcid rtm mpx avx512f avx512dq rdseed adx smap clflushopt avx512cd avx512bw avx512vl xsaveopt xsavec xsaves flush_l1d
bugs		: cpu_meltdown spectre_v1 spectre_v2 spec_store_bypass l1tf mds swapgs taa itlb_multihit
bogomips	: 4190.16
clflush size	: 64
cache_alignment	: 64
address sizes	: 44 bits physical, 48 bits virtual
power management:

processor	: 35
vendor_id	: GenuineIntel
cpu family	: 6
model		: 85
model name	: Intel(R) Xeon(R) Gold 6152 CPU @ 2.10GHz
stepping	: 4
microcode	: 0xffffffff
cpu MHz		: 2095.080
cache size	: 30976 KB
physical id	: 0
siblings	: 44
core id		: 35
cpu cores	: 44
apicid		: 35
initial apicid	: 35
fpu		: yes
fpu_exception	: yes
cpuid level	: 21
wp		: yes
flags		: fpu vme de pse tsc msr pae mce cx8 apic sep mtrr pge mca cmov pat pse36 clflush mmx fxsr sse sse2 ss ht syscall nx pdpe1gb rdtscp lm constant_tsc rep_good nopl xtopology cpuid pni pclmulqdq ssse3 fma cx16 pcid sse4_1 sse4_2 movbe popcnt aes xsave avx f16c rdrand hypervisor lahf_lm abm 3dnowprefetch invpcid_single pti ssbd ibrs ibpb stibp fsgsbase bmi1 hle avx2 smep bmi2 erms invpcid rtm mpx avx512f avx512dq rdseed adx smap clflushopt avx512cd avx512bw avx512vl xsaveopt xsavec xsaves flush_l1d
bugs		: cpu_meltdown spectre_v1 spectre_v2 spec_store_bypass l1tf mds swapgs taa itlb_multihit
bogomips	: 4190.16
clflush size	: 64
cache_alignment	: 64
address sizes	: 44 bits physical, 48 bits virtual
power management:

processor	: 36
vendor_id	: GenuineIntel
cpu family	: 6
model		: 85
model name	: Intel(R) Xeon(R) Gold 6152 CPU @ 2.10GHz
stepping	: 4
microcode	: 0xffffffff
cpu MHz		: 2095.080
cache size	: 30976 KB
physical id	: 0
siblings	: 44
core id		: 36
cpu cores	: 44
apicid		: 36
initial apicid	: 36
fpu		: yes
fpu_exception	: yes
cpuid level	: 21
wp		: yes
flags		: fpu vme de pse tsc msr pae mce cx8 apic sep mtrr pge mca cmov pat pse36 clflush mmx fxsr sse sse2 ss ht syscall nx pdpe1gb rdtscp lm constant_tsc rep_good nopl xtopology cpuid pni pclmulqdq ssse3 fma cx16 pcid sse4_1 sse4_2 movbe popcnt aes xsave avx f16c rdrand hypervisor lahf_lm abm 3dnowprefetch invpcid_single pti ssbd ibrs ibpb stibp fsgsbase bmi1 hle avx2 smep bmi2 erms invpcid rtm mpx avx512f avx512dq rdseed adx smap clflushopt avx512cd avx512bw avx512vl xsaveopt xsavec xsaves flush_l1d
bugs		: cpu_meltdown spectre_v1 spectre_v2 spec_store_bypass l1tf mds swapgs taa itlb_multihit
bogomips	: 4190.16
clflush size	: 64
cache_alignment	: 64
address sizes	: 44 bits physical, 48 bits virtual
power management:

processor	: 37
vendor_id	: GenuineIntel
cpu family	: 6
model		: 85
model name	: Intel(R) Xeon(R) Gold 6152 CPU @ 2.10GHz
stepping	: 4
microcode	: 0xffffffff
cpu MHz		: 2095.080
cache size	: 30976 KB
physical id	: 0
siblings	: 44
core id		: 37
cpu cores	: 44
apicid		: 37
initial apicid	: 37
fpu		: yes
fpu_exception	: yes
cpuid level	: 21
wp		: yes
flags		: fpu vme de pse tsc msr pae mce cx8 apic sep mtrr pge mca cmov pat pse36 clflush mmx fxsr sse sse2 ss ht syscall nx pdpe1gb rdtscp lm constant_tsc rep_good nopl xtopology cpuid pni pclmulqdq ssse3 fma cx16 pcid sse4_1 sse4_2 movbe popcnt aes xsave avx f16c rdrand hypervisor lahf_lm abm 3dnowprefetch invpcid_single pti ssbd ibrs ibpb stibp fsgsbase bmi1 hle avx2 smep bmi2 erms invpcid rtm mpx avx512f avx512dq rdseed adx smap clflushopt avx512cd avx512bw avx512vl xsaveopt xsavec xsaves flush_l1d
bugs		: cpu_meltdown spectre_v1 spectre_v2 spec_store_bypass l1tf mds swapgs taa itlb_multihit
bogomips	: 4190.16
clflush size	: 64
cache_alignment	: 64
address sizes	: 44 bits physical, 48 bits virtual
power management:

processor	: 38
vendor_id	: GenuineIntel
cpu family	: 6
model		: 85
model name	: Intel(R) Xeon(R) Gold 6152 CPU @ 2.10GHz
stepping	: 4
microcode	: 0xffffffff
cpu MHz		: 2095.080
cache size	: 30976 KB
physical id	: 0
siblings	: 44
core id		: 38
cpu cores	: 44
apicid		: 38
initial apicid	: 38
fpu		: yes
fpu_exception	: yes
cpuid level	: 21
wp		: yes
flags		: fpu vme de pse tsc msr pae mce cx8 apic sep mtrr pge mca cmov pat pse36 clflush mmx fxsr sse sse2 ss ht syscall nx pdpe1gb rdtscp lm constant_tsc rep_good nopl xtopology cpuid pni pclmulqdq ssse3 fma cx16 pcid sse4_1 sse4_2 movbe popcnt aes xsave avx f16c rdrand hypervisor lahf_lm abm 3dnowprefetch invpcid_single pti ssbd ibrs ibpb stibp fsgsbase bmi1 hle avx2 smep bmi2 erms invpcid rtm mpx avx512f avx512dq rdseed adx smap clflushopt avx512cd avx512bw avx512vl xsaveopt xsavec xsaves flush_l1d
bugs		: cpu_meltdown spectre_v1 spectre_v2 spec_store_bypass l1tf mds swapgs taa itlb_multihit
bogomips	: 4190.16
clflush size	: 64
cache_alignment	: 64
address sizes	: 44 bits physical, 48 bits virtual
power management:

processor	: 39
vendor_id	: GenuineIntel
cpu family	: 6
model		: 85
model name	: Intel(R) Xeon(R) Gold 6152 CPU @ 2.10GHz
stepping	: 4
microcode	: 0xffffffff
cpu MHz		: 2095.080
cache size	: 30976 KB
physical id	: 0
siblings	: 44
core id		: 39
cpu cores	: 44
apicid		: 39
initial apicid	: 39
fpu		: yes
fpu_exception	: yes
cpuid level	: 21
wp		: yes
flags		: fpu vme de pse tsc msr pae mce cx8 apic sep mtrr pge mca cmov pat pse36 clflush mmx fxsr sse sse2 ss ht syscall nx pdpe1gb rdtscp lm constant_tsc rep_good nopl xtopology cpuid pni pclmulqdq ssse3 fma cx16 pcid sse4_1 sse4_2 movbe popcnt aes xsave avx f16c rdrand hypervisor lahf_lm abm 3dnowprefetch invpcid_single pti ssbd ibrs ibpb stibp fsgsbase bmi1 hle avx2 smep bmi2 erms invpcid rtm mpx avx512f avx512dq rdseed adx smap clflushopt avx512cd avx512bw avx512vl xsaveopt xsavec xsaves flush_l1d
bugs		: cpu_meltdown spectre_v1 spectre_v2 spec_store_bypass l1tf mds swapgs taa itlb_multihit
bogomips	: 4190.16
clflush size	: 64
cache_alignment	: 64
address sizes	: 44 bits physical, 48 bits virtual
power management:

processor	: 40
vendor_id	: GenuineIntel
cpu family	: 6
model		: 85
model name	: Intel(R) Xeon(R) Gold 6152 CPU @ 2.10GHz
stepping	: 4
microcode	: 0xffffffff
cpu MHz		: 2095.080
cache size	: 30976 KB
physical id	: 0
siblings	: 44
core id		: 40
cpu cores	: 44
apicid		: 40
initial apicid	: 40
fpu		: yes
fpu_exception	: yes
cpuid level	: 21
wp		: yes
flags		: fpu vme de pse tsc msr pae mce cx8 apic sep mtrr pge mca cmov pat pse36 clflush mmx fxsr sse sse2 ss ht syscall nx pdpe1gb rdtscp lm constant_tsc rep_good nopl xtopology cpuid pni pclmulqdq ssse3 fma cx16 pcid sse4_1 sse4_2 movbe popcnt aes xsave avx f16c rdrand hypervisor lahf_lm abm 3dnowprefetch invpcid_single pti ssbd ibrs ibpb stibp fsgsbase bmi1 hle avx2 smep bmi2 erms invpcid rtm mpx avx512f avx512dq rdseed adx smap clflushopt avx512cd avx512bw avx512vl xsaveopt xsavec xsaves flush_l1d
bugs		: cpu_meltdown spectre_v1 spectre_v2 spec_store_bypass l1tf mds swapgs taa itlb_multihit
bogomips	: 4190.16
clflush size	: 64
cache_alignment	: 64
address sizes	: 44 bits physical, 48 bits virtual
power management:

processor	: 41
vendor_id	: GenuineIntel
cpu family	: 6
model		: 85
model name	: Intel(R) Xeon(R) Gold 6152 CPU @ 2.10GHz
stepping	: 4
microcode	: 0xffffffff
cpu MHz		: 2095.080
cache size	: 30976 KB
physical id	: 0
siblings	: 44
core id		: 41
cpu cores	: 44
apicid		: 41
initial apicid	: 41
fpu		: yes
fpu_exception	: yes
cpuid level	: 21
wp		: yes
flags		: fpu vme de pse tsc msr pae mce cx8 apic sep mtrr pge mca cmov pat pse36 clflush mmx fxsr sse sse2 ss ht syscall nx pdpe1gb rdtscp lm constant_tsc rep_good nopl xtopology cpuid pni pclmulqdq ssse3 fma cx16 pcid sse4_1 sse4_2 movbe popcnt aes xsave avx f16c rdrand hypervisor lahf_lm abm 3dnowprefetch invpcid_single pti ssbd ibrs ibpb stibp fsgsbase bmi1 hle avx2 smep bmi2 erms invpcid rtm mpx avx512f avx512dq rdseed adx smap clflushopt avx512cd avx512bw avx512vl xsaveopt xsavec xsaves flush_l1d
bugs		: cpu_meltdown spectre_v1 spectre_v2 spec_store_bypass l1tf mds swapgs taa itlb_multihit
bogomips	: 4190.16
clflush size	: 64
cache_alignment	: 64
address sizes	: 44 bits physical, 48 bits virtual
power management:

processor	: 42
vendor_id	: GenuineIntel
cpu family	: 6
model		: 85
model name	: Intel(R) Xeon(R) Gold 6152 CPU @ 2.10GHz
stepping	: 4
microcode	: 0xffffffff
cpu MHz		: 2095.080
cache size	: 30976 KB
physical id	: 0
siblings	: 44
core id		: 42
cpu cores	: 44
apicid		: 42
initial apicid	: 42
fpu		: yes
fpu_exception	: yes
cpuid level	: 21
wp		: yes
flags		: fpu vme de pse tsc msr pae mce cx8 apic sep mtrr pge mca cmov pat pse36 clflush mmx fxsr sse sse2 ss ht syscall nx pdpe1gb rdtscp lm constant_tsc rep_good nopl xtopology cpuid pni pclmulqdq ssse3 fma cx16 pcid sse4_1 sse4_2 movbe popcnt aes xsave avx f16c rdrand hypervisor lahf_lm abm 3dnowprefetch invpcid_single pti ssbd ibrs ibpb stibp fsgsbase bmi1 hle avx2 smep bmi2 erms invpcid rtm mpx avx512f avx512dq rdseed adx smap clflushopt avx512cd avx512bw avx512vl xsaveopt xsavec xsaves flush_l1d
bugs		: cpu_meltdown spectre_v1 spectre_v2 spec_store_bypass l1tf mds swapgs taa itlb_multihit
bogomips	: 4190.16
clflush size	: 64
cache_alignment	: 64
address sizes	: 44 bits physical, 48 bits virtual
power management:

processor	: 43
vendor_id	: GenuineIntel
cpu family	: 6
model		: 85
model name	: Intel(R) Xeon(R) Gold 6152 CPU @ 2.10GHz
stepping	: 4
microcode	: 0xffffffff
cpu MHz		: 2095.080
cache size	: 30976 KB
physical id	: 0
siblings	: 44
core id		: 43
cpu cores	: 44
apicid		: 43
initial apicid	: 43
fpu		: yes
fpu_exception	: yes
cpuid level	: 21
wp		: yes
flags		: fpu vme de pse tsc msr pae mce cx8 apic sep mtrr pge mca cmov pat pse36 clflush mmx fxsr sse sse2 ss ht syscall nx pdpe1gb rdtscp lm constant_tsc rep_good nopl xtopology cpuid pni pclmulqdq ssse3 fma cx16 pcid sse4_1 sse4_2 movbe popcnt aes xsave avx f16c rdrand hypervisor lahf_lm abm 3dnowprefetch invpcid_single pti ssbd ibrs ibpb stibp fsgsbase bmi1 hle avx2 smep bmi2 erms invpcid rtm mpx avx512f avx512dq rdseed adx smap clflushopt avx512cd avx512bw avx512vl xsaveopt xsavec xsaves flush_l1d
bugs		: cpu_meltdown spectre_v1 spectre_v2 spec_store_bypass l1tf mds swapgs taa itlb_multihit
bogomips	: 4190.16
clflush size	: 64
cache_alignment	: 64
address sizes	: 44 bits physical, 48 bits virtual
power management:



Memory: 4k page, physical 9947456k(1851980k free), swap 4194300k(2620668k free)

vm_info: OpenJDK 64-Bit Server VM (25.342-b07) for linux-amd64 JRE (1.8.0_342-8u342-b07-0ubuntu1~20.04-b07), built on Jul 23 2022 16:13:07 by "buildd" with gcc 9.4.0

time: Sat Nov  5 14:39:58 2022
timezone: UTC
elapsed time: 3.812358 seconds (0d 0h 0m 3s)

